<?xml version="1.0" encoding="UTF-8"?>
<!-- Generated by org.testng.reporters.JUnitReportReporter -->
<testsuite hostname="INLPF3L84Z0" failures="0" tests="1" name="SsampleTestCases.Test2" time="0.001" errors="0" timestamp="2023-08-15T15:48:00 IST" skipped="0">
  <testcase classname="SsampleTestCases.Test2" name="testPrint" time="0.001"/>
  <system-out/>
</testsuite> <!-- SsampleTestCases.Test2 -->
