<?xml version="1.0" encoding="UTF-8"?>
<!-- Generated by org.testng.reporters.JUnitReportReporter -->
<testsuite hostname="INLPF3L84Z0" failures="0" tests="1" name="buildClasses.BuildClass2" time="0.005" errors="0" timestamp="2023-08-15T16:13:20 IST" skipped="0">
  <testcase classname="buildClasses.BuildClass2" name="testPrint" time="0.005"/>
  <system-out/>
</testsuite> <!-- buildClasses.BuildClass2 -->
