<?xml version="1.0" encoding="UTF-8"?>
<!-- Generated by org.testng.reporters.JUnitReportReporter -->
<testsuite hostname="INLPF3L84Z0" failures="0" tests="1" name="SsampleTestCases.Test1" time="0.005" errors="0" timestamp="2023-08-15T15:52:18 IST" skipped="0">
  <testcase classname="SsampleTestCases.Test1" name="testPrint" time="0.005"/>
  <system-out/>
</testsuite> <!-- SsampleTestCases.Test1 -->
